<?xml version="1.0" encoding="UTF-8"?>
<testng-results ignored="0" total="2" passed="2" failed="0" skipped="0">
  <reporter-output>
  </reporter-output>
  <suite started-at="2024-12-31T11:59:00 IST" name="Suite" finished-at="2024-12-31T11:59:28 IST" duration-ms="28031">
    <groups>
    </groups>
    <test started-at="2024-12-31T11:59:00 IST" name="Test" finished-at="2024-12-31T11:59:28 IST" duration-ms="28031">
      <class name="com.GridDemoClass">
        <test-method signature="HomePageCheck()[pri:0, instance:com.GridDemoClass@54e1c68b]" started-at="2024-12-31T11:59:00 IST" name="HomePageCheck" finished-at="2024-12-31T11:59:28 IST" duration-ms="27951" status="PASS">
          <reporter-output>
          </reporter-output>
        </test-method> <!-- HomePageCheck -->
      </class> <!-- com.GridDemoClass -->
      <class name="com.GridDemoClassTwo">
        <test-method signature="HomePageCheck()[pri:0, instance:com.GridDemoClassTwo@60bd273d]" started-at="2024-12-31T11:59:00 IST" name="HomePageCheck" finished-at="2024-12-31T11:59:12 IST" duration-ms="12015" status="PASS">
          <reporter-output>
          </reporter-output>
        </test-method> <!-- HomePageCheck -->
      </class> <!-- com.GridDemoClassTwo -->
    </test> <!-- Test -->
  </suite> <!-- Suite -->
</testng-results>
