<?xml version="1.0" encoding="UTF-8"?>
<testng-results ignored="0" total="1" passed="1" failed="0" skipped="0">
  <reporter-output>
    <line>
      <![CDATA[Chrome Driver Set Up Completed]]>
    </line>
    <line>
      <![CDATA[Home Page Opened Successfully]]>
    </line>
    <line>
      <![CDATA[Title of the Home Page is: Your Store]]>
    </line>
    <line>
      <![CDATA[User Is Logged In Successfully And on HomePage]]>
    </line>
    <line>
      <![CDATA[Title of the register page is: Register Account]]>
    </line>
    <line>
      <![CDATA[Registration Page Opened]]>
    </line>
    <line>
      <![CDATA[Title of the Register Page is: Register Account]]>
    </line>
    <line>
      <![CDATA[Driver quited]]>
    </line>
  </reporter-output>
  <suite started-at="2025-07-08T14:15:25 IST" name="Default suite" finished-at="2025-07-08T14:15:53 IST" duration-ms="28476">
    <groups>
    </groups>
    <test started-at="2025-07-08T14:15:25 IST" name="Default test" finished-at="2025-07-08T14:15:53 IST" duration-ms="28476">
      <class name="UIAutomationProject.UIProject.tests.account.RegisterFlowTest">
        <test-method is-config="true" signature="setUpDriver()[pri:0, instance:UIAutomationProject.UIProject.tests.account.RegisterFlowTest@76f4b65]" started-at="2025-07-08T14:15:25 IST" name="setUpDriver" finished-at="2025-07-08T14:15:33 IST" duration-ms="8216" status="PASS">
          <reporter-output>
            <line>
              <![CDATA[Chrome Driver Set Up Completed]]>
            </line>
          </reporter-output>
        </test-method> <!-- setUpDriver -->
        <test-method signature="registerUserWithAlreadyRegisteredUser()[pri:0, instance:UIAutomationProject.UIProject.tests.account.RegisterFlowTest@76f4b65]" started-at="2025-07-08T14:15:33 IST" name="registerUserWithAlreadyRegisteredUser" finished-at="2025-07-08T14:15:50 IST" duration-ms="16731" status="PASS">
          <reporter-output>
            <line>
              <![CDATA[Home Page Opened Successfully]]>
            </line>
            <line>
              <![CDATA[Title of the Home Page is: Your Store]]>
            </line>
            <line>
              <![CDATA[User Is Logged In Successfully And on HomePage]]>
            </line>
            <line>
              <![CDATA[Title of the register page is: Register Account]]>
            </line>
            <line>
              <![CDATA[Registration Page Opened]]>
            </line>
            <line>
              <![CDATA[Title of the Register Page is: Register Account]]>
            </line>
          </reporter-output>
        </test-method> <!-- registerUserWithAlreadyRegisteredUser -->
        <test-method is-config="true" signature="quitDriver(org.testng.ITestResult)[pri:0, instance:UIAutomationProject.UIProject.tests.account.RegisterFlowTest@76f4b65]" started-at="2025-07-08T14:15:50 IST" name="quitDriver" finished-at="2025-07-08T14:15:53 IST" duration-ms="3342" status="PASS">
          <params>
            <param index="0">
              <value>
                <![CDATA[[TestResult name=registerUserWithAlreadyRegisteredUser status=SUCCESS method=RegisterFlowTest.registerUserWithAlreadyRegisteredUser()[pri:0, instance:UIAutomationProject.UIProject.tests.account.RegisterFlowTest@76f4b65] output=Home Page Opened Successfully]]]>
              </value>
            </param>
          </params>
          <reporter-output>
            <line>
              <![CDATA[Driver quited]]>
            </line>
          </reporter-output>
        </test-method> <!-- quitDriver -->
      </class> <!-- UIAutomationProject.UIProject.tests.account.RegisterFlowTest -->
    </test> <!-- Default test -->
  </suite> <!-- Default suite -->
</testng-results>
