<?xml version="1.0" encoding="UTF-8"?>
<testng-results ignored="0" total="6" passed="6" failed="0" skipped="0">
  <reporter-output>
  </reporter-output>
  <suite started-at="2025-02-11T17:10:23 IST" name="Default suite" finished-at="2025-02-11T17:11:42 IST" duration-ms="79493">
    <groups>
    </groups>
    <test started-at="2025-02-11T17:10:23 IST" name="Default test" finished-at="2025-02-11T17:11:42 IST" duration-ms="79493">
      <class name="Features.CDP.BrowserNewFeatures">
        <test-method signature="executeTest(java.lang.String,java.lang.String)[pri:0, instance:Features.CDP.BrowserNewFeatures@17f9d882]" started-at="2025-02-11T17:10:24 IST" name="executeTest" data-provider="dbDataProvider" finished-at="2025-02-11T17:10:36 IST" duration-ms="12174" status="PASS">
          <params>
            <param index="0">
              <value>
                <![CDATA[Jhon]]>
              </value>
            </param>
            <param index="1">
              <value>
                <![CDATA[123abc]]>
              </value>
            </param>
          </params>
          <reporter-output>
          </reporter-output>
        </test-method> <!-- executeTest -->
        <test-method signature="executeTest(java.lang.String,java.lang.String)[pri:0, instance:Features.CDP.BrowserNewFeatures@17f9d882]" started-at="2025-02-11T17:10:36 IST" name="executeTest" data-provider="dbDataProvider" finished-at="2025-02-11T17:10:47 IST" duration-ms="10839" status="PASS">
          <params>
            <param index="0">
              <value>
                <![CDATA[King]]>
              </value>
            </param>
            <param index="1">
              <value>
                <![CDATA[124abc]]>
              </value>
            </param>
          </params>
          <reporter-output>
          </reporter-output>
        </test-method> <!-- executeTest -->
        <test-method signature="executeTest(java.lang.String,java.lang.String)[pri:0, instance:Features.CDP.BrowserNewFeatures@17f9d882]" started-at="2025-02-11T17:10:47 IST" name="executeTest" data-provider="dbDataProvider" finished-at="2025-02-11T17:11:00 IST" duration-ms="13352" status="PASS">
          <params>
            <param index="0">
              <value>
                <![CDATA[Sam]]>
              </value>
            </param>
            <param index="1">
              <value>
                <![CDATA[125abc]]>
              </value>
            </param>
          </params>
          <reporter-output>
          </reporter-output>
        </test-method> <!-- executeTest -->
        <test-method signature="executeTest(java.lang.String,java.lang.String)[pri:0, instance:Features.CDP.BrowserNewFeatures@17f9d882]" started-at="2025-02-11T17:11:00 IST" name="executeTest" data-provider="dbDataProvider" finished-at="2025-02-11T17:11:13 IST" duration-ms="13304" status="PASS">
          <params>
            <param index="0">
              <value>
                <![CDATA[Sandhya]]>
              </value>
            </param>
            <param index="1">
              <value>
                <![CDATA[125abc]]>
              </value>
            </param>
          </params>
          <reporter-output>
          </reporter-output>
        </test-method> <!-- executeTest -->
        <test-method signature="executeTest(java.lang.String,java.lang.String)[pri:0, instance:Features.CDP.BrowserNewFeatures@17f9d882]" started-at="2025-02-11T17:11:13 IST" name="executeTest" data-provider="dbDataProvider" finished-at="2025-02-11T17:11:29 IST" duration-ms="15482" status="PASS">
          <params>
            <param index="0">
              <value>
                <![CDATA[Raju]]>
              </value>
            </param>
            <param index="1">
              <value>
                <![CDATA[126abc]]>
              </value>
            </param>
          </params>
          <reporter-output>
          </reporter-output>
        </test-method> <!-- executeTest -->
        <test-method signature="executeTest(java.lang.String,java.lang.String)[pri:0, instance:Features.CDP.BrowserNewFeatures@17f9d882]" started-at="2025-02-11T17:11:29 IST" name="executeTest" data-provider="dbDataProvider" finished-at="2025-02-11T17:11:42 IST" duration-ms="13473" status="PASS">
          <params>
            <param index="0">
              <value>
                <![CDATA[Kohili]]>
              </value>
            </param>
            <param index="1">
              <value>
                <![CDATA[127abc]]>
              </value>
            </param>
          </params>
          <reporter-output>
          </reporter-output>
        </test-method> <!-- executeTest -->
      </class> <!-- Features.CDP.BrowserNewFeatures -->
    </test> <!-- Default test -->
  </suite> <!-- Default suite -->
</testng-results>
