<?xml version="1.0" encoding="UTF-8"?>
<testng-results ignored="0" total="1" passed="1" failed="0" skipped="0">
  <reporter-output>
  </reporter-output>
  <suite started-at="2025-06-23T17:19:30 IST" name="Default suite" finished-at="2025-06-23T17:20:19 IST" duration-ms="49064">
    <groups>
    </groups>
    <test started-at="2025-06-23T17:19:30 IST" name="Default test" finished-at="2025-06-23T17:20:19 IST" duration-ms="49064">
      <class name="com.selenium.WindowHandels">
        <test-method is-config="true" signature="invokeBrowser()[pri:0, instance:com.selenium.WindowHandels@51c668e3]" started-at="2025-06-23T17:19:30 IST" name="invokeBrowser" finished-at="2025-06-23T17:20:18 IST" duration-ms="47475" status="PASS">
          <reporter-output>
          </reporter-output>
        </test-method> <!-- invokeBrowser -->
        <test-method signature="getTextFromChildWindow()[pri:0, instance:com.selenium.WindowHandels@51c668e3]" started-at="2025-06-23T17:20:18 IST" name="getTextFromChildWindow" finished-at="2025-06-23T17:20:19 IST" duration-ms="1537" status="PASS">
          <reporter-output>
          </reporter-output>
        </test-method> <!-- getTextFromChildWindow -->
      </class> <!-- com.selenium.WindowHandels -->
    </test> <!-- Default test -->
  </suite> <!-- Default suite -->
</testng-results>
