<?xml version="1.0" encoding="UTF-8"?>
<testng-results ignored="0" total="1" passed="1" failed="0" skipped="0">
  <reporter-output>
  </reporter-output>
  <suite started-at="2025-02-20T10:00:22 IST" name="Surefire suite" finished-at="2025-02-20T10:00:51 IST" duration-ms="28740">
    <groups>
      <group name="cucumber">
        <method signature="AbstractTestNGCucumberTests.runScenario(io.cucumber.testng.PickleWrapper,io.cucumber.testng.FeatureWrapper)[pri:0, instance:CucumberE2EProject.CucumberProject.runner.TestRunner@4f638935]" name="runScenario" class="io.cucumber.testng.AbstractTestNGCucumberTests"/>
      </group> <!-- cucumber -->
    </groups>
    <test started-at="2025-02-20T10:00:22 IST" name="Surefire test" finished-at="2025-02-20T10:00:51 IST" duration-ms="28740">
      <class name="CucumberE2EProject.CucumberProject.runner.TestRunner">
        <test-method is-config="true" signature="setUpClass(org.testng.ITestContext)[pri:0, instance:CucumberE2EProject.CucumberProject.runner.TestRunner@4f638935]" started-at="2025-02-20T10:00:22 IST" name="setUpClass" finished-at="2025-02-20T10:00:23 IST" duration-ms="875" status="PASS">
          <params>
            <param index="0">
              <value>
                <![CDATA[org.testng.TestRunner@188598ad]]>
              </value>
            </param>
          </params>
          <reporter-output>
          </reporter-output>
        </test-method> <!-- setUpClass -->
        <test-method signature="runScenario(io.cucumber.testng.PickleWrapper,io.cucumber.testng.FeatureWrapper)[pri:0, instance:CucumberE2EProject.CucumberProject.runner.TestRunner@4f638935]" started-at="2025-02-20T10:00:23 IST" name="runScenario" description="Runs Cucumber Scenarios" data-provider="scenarios" finished-at="2025-02-20T10:00:46 IST" duration-ms="22920" status="PASS">
          <params>
            <param index="0">
              <value>
                <![CDATA["User searches for a valid product"]]>
              </value>
            </param>
            <param index="1">
              <value>
                <![CDATA["Search Page"]]>
              </value>
            </param>
          </params>
          <reporter-output>
          </reporter-output>
        </test-method> <!-- runScenario -->
        <test-method is-config="true" signature="tearDownClass()[pri:0, instance:CucumberE2EProject.CucumberProject.runner.TestRunner@4f638935]" started-at="2025-02-20T10:00:46 IST" name="tearDownClass" finished-at="2025-02-20T10:00:51 IST" duration-ms="4873" status="PASS">
          <reporter-output>
          </reporter-output>
        </test-method> <!-- tearDownClass -->
      </class> <!-- CucumberE2EProject.CucumberProject.runner.TestRunner -->
    </test> <!-- Surefire test -->
  </suite> <!-- Surefire suite -->
</testng-results>
