<?xml version="1.0" encoding="UTF-8"?>
<!-- Generated by org.testng.reporters.JUnitXMLReporter -->
<testsuite ignored="2" hostname="HYDHTC125451LT" failures="0" tests="0" time="0.002" errors="0" timestamp="2024-12-03T17:32:33 IST">
  <testcase classname="DemoSeleniumFramework.PracticeProject.tests.ErrorValidation" name="loginPageValidation" time="0.0">
    <ignored/>
  </testcase> <!-- loginPageValidation -->
  <testcase classname="DemoSeleniumFramework.PracticeProject.tests.ErrorValidation" name="productCatlogValidation" time="0.0">
    <ignored/>
  </testcase> <!-- productCatlogValidation -->
</testsuite>
