<?xml version="1.0" encoding="UTF-8"?>
<!-- Generated by org.testng.reporters.JUnitXMLReporter -->
<testsuite ignored="0" hostname="HYDHTC125451LT" failures="0" tests="4" name="Submit Order Test" time="138.342" errors="0" timestamp="2024-12-04T14:29:49 IST">
  <testcase classname="DemoSeleniumFramework.PracticeProject.tests.StandAloneWebUsingFramework" name="startApplication" time="30.927"/>
  <testcase classname="DemoSeleniumFramework.PracticeProject.tests.StandAloneWebUsingFramework" name="startApplication" time="27.663"/>
  <testcase classname="DemoSeleniumFramework.PracticeProject.tests.StandAloneWebUsingFramework" name="checkOrderPage" time="9.78"/>
  <testcase classname="DemoSeleniumFramework.PracticeProject.tests.StandAloneWebUsingFramework" name="checkOrderPage" time="7.84"/>
</testsuite> <!-- Submit Order Test -->
