<?xml version="1.0" encoding="UTF-8"?>
<!-- Generated by org.testng.reporters.JUnitXMLReporter -->
<testsuite ignored="1" hostname="HYDHTC125451LT" failures="1" tests="5" name="NewParameter" time="0.074" errors="0" timestamp="2024-11-13T14:23:38 IST">
  <testcase classname="TestCases.HomeLoan" name="webLoginHome" time="0.004"/>
  <testcase classname="TestCases.HomeLoan" name="APILoginHome" time="0.017">
    <failure type="java.lang.AssertionError" message="expected [true] but found [false]">
      <![CDATA[java.lang.AssertionError: expected [true] but found [false]
at TestCases.HomeLoan.APILoginHome(HomeLoan.java:33)
at java.base/java.util.ArrayList.forEach(ArrayList.java:1511)
... Removed 31 stack frames]]>
    </failure>
  </testcase> <!-- APILoginHome -->
  <testcase classname="TestCases.DataProviderDemo" name="collectData" time="0.006"/>
  <testcase classname="TestCases.DataProviderDemo" name="collectData" time="0.002"/>
  <testcase classname="TestCases.DataProviderDemo" name="collectData" time="0.002"/>
  <testcase classname="TestCases.HomeLoan" name="MobileLoginHome" time="0.0">
    <ignored/>
  </testcase> <!-- MobileLoginHome -->
</testsuite> <!-- NewParameter -->
