<?xml version="1.0" encoding="UTF-8"?>
<testng-results ignored="0" total="1" passed="1" failed="0" skipped="0">
  <reporter-output>
  </reporter-output>
  <suite started-at="2025-08-04T10:02:32 IST" name="Default suite" finished-at="2025-08-04T10:02:34 IST" duration-ms="1961">
    <groups>
    </groups>
    <test started-at="2025-08-04T10:02:32 IST" name="Default test" finished-at="2025-08-04T10:02:34 IST" duration-ms="1961">
      <class name="MockAPIProject.APIProject.WireMockDemoWithPostAndGet">
        <test-method is-config="true" signature="setUp()[pri:0, instance:MockAPIProject.APIProject.WireMockDemoWithPostAndGet@5b1669c0]" started-at="2025-08-04T10:02:32 IST" name="setUp" finished-at="2025-08-04T10:02:34 IST" duration-ms="1888" status="PASS">
          <reporter-output>
          </reporter-output>
        </test-method> <!-- setUp -->
        <test-method signature="TestResponse()[pri:0, instance:MockAPIProject.APIProject.WireMockDemoWithPostAndGet@5b1669c0]" started-at="2025-08-04T10:02:34 IST" name="TestResponse" finished-at="2025-08-04T10:02:34 IST" duration-ms="36" status="PASS">
          <reporter-output>
          </reporter-output>
        </test-method> <!-- TestResponse -->
      </class> <!-- MockAPIProject.APIProject.WireMockDemoWithPostAndGet -->
    </test> <!-- Default test -->
  </suite> <!-- Default suite -->
</testng-results>
