<?xml version="1.0" encoding="UTF-8"?>
<testng-results ignored="0" total="2" passed="2" failed="0" skipped="0">
  <reporter-output>
  </reporter-output>
  <suite started-at="2025-03-10T10:29:25 IST" name="Default suite" finished-at="2025-03-10T10:29:25 IST" duration-ms="93">
    <groups>
      <group name="smoke">
        <method signature="Demo1.DemoTwo()[pri:0, instance:TestCases.Demo1@2e6a8155]" name="DemoTwo" class="TestCases.Demo1"/>
      </group> <!-- smoke -->
    </groups>
    <test started-at="2025-03-10T10:29:25 IST" name="Default test" finished-at="2025-03-10T10:29:25 IST" duration-ms="93">
      <class name="TestCases.Demo1">
        <test-method is-config="true" signature="preSuite()[pri:0, instance:TestCases.Demo1@2e6a8155]" started-at="2025-03-10T10:29:25 IST" name="preSuite" finished-at="2025-03-10T10:29:25 IST" duration-ms="11" status="PASS">
          <reporter-output>
          </reporter-output>
        </test-method> <!-- preSuite -->
        <test-method is-config="true" signature="prerequstites()[pri:0, instance:TestCases.Demo1@2e6a8155]" started-at="2025-03-10T10:29:25 IST" name="prerequstites" finished-at="2025-03-10T10:29:25 IST" duration-ms="1" status="PASS">
          <reporter-output>
          </reporter-output>
        </test-method> <!-- prerequstites -->
        <test-method is-config="true" signature="beforeClass()[pri:0, instance:TestCases.Demo1@2e6a8155]" started-at="2025-03-10T10:29:25 IST" name="beforeClass" finished-at="2025-03-10T10:29:25 IST" duration-ms="1" status="PASS">
          <reporter-output>
          </reporter-output>
        </test-method> <!-- beforeClass -->
        <test-method is-config="true" signature="beforeMethod()[pri:0, instance:TestCases.Demo1@2e6a8155]" started-at="2025-03-10T10:29:25 IST" name="beforeMethod" finished-at="2025-03-10T10:29:25 IST" duration-ms="1" status="PASS">
          <reporter-output>
          </reporter-output>
        </test-method> <!-- beforeMethod -->
        <test-method signature="Demo()[pri:0, instance:TestCases.Demo1@2e6a8155]" started-at="2025-03-10T10:29:25 IST" name="Demo" finished-at="2025-03-10T10:29:25 IST" duration-ms="9" status="PASS">
          <reporter-output>
          </reporter-output>
        </test-method> <!-- Demo -->
        <test-method is-config="true" signature="afterMethod()[pri:0, instance:TestCases.Demo1@2e6a8155]" started-at="2025-03-10T10:29:25 IST" name="afterMethod" finished-at="2025-03-10T10:29:25 IST" duration-ms="0" status="PASS">
          <reporter-output>
          </reporter-output>
        </test-method> <!-- afterMethod -->
        <test-method is-config="true" signature="beforeMethod()[pri:0, instance:TestCases.Demo1@2e6a8155]" started-at="2025-03-10T10:29:25 IST" name="beforeMethod" finished-at="2025-03-10T10:29:25 IST" duration-ms="2" status="PASS">
          <reporter-output>
          </reporter-output>
        </test-method> <!-- beforeMethod -->
        <test-method signature="DemoTwo()[pri:0, instance:TestCases.Demo1@2e6a8155]" started-at="2025-03-10T10:29:25 IST" name="DemoTwo" finished-at="2025-03-10T10:29:25 IST" duration-ms="1" status="PASS">
          <reporter-output>
          </reporter-output>
        </test-method> <!-- DemoTwo -->
        <test-method is-config="true" signature="afterMethod()[pri:0, instance:TestCases.Demo1@2e6a8155]" started-at="2025-03-10T10:29:25 IST" name="afterMethod" finished-at="2025-03-10T10:29:25 IST" duration-ms="2" status="PASS">
          <reporter-output>
          </reporter-output>
        </test-method> <!-- afterMethod -->
        <test-method is-config="true" signature="afterClass()[pri:0, instance:TestCases.Demo1@2e6a8155]" started-at="2025-03-10T10:29:25 IST" name="afterClass" finished-at="2025-03-10T10:29:25 IST" duration-ms="1" status="PASS">
          <reporter-output>
          </reporter-output>
        </test-method> <!-- afterClass -->
        <test-method is-config="true" signature="postrequsties()[pri:0, instance:TestCases.Demo1@2e6a8155]" started-at="2025-03-10T10:29:25 IST" name="postrequsties" finished-at="2025-03-10T10:29:25 IST" duration-ms="1" status="PASS">
          <reporter-output>
          </reporter-output>
        </test-method> <!-- postrequsties -->
        <test-method is-config="true" signature="postSuite()[pri:0, instance:TestCases.Demo1@2e6a8155]" started-at="2025-03-10T10:29:25 IST" name="postSuite" finished-at="2025-03-10T10:29:25 IST" duration-ms="7" status="PASS">
          <reporter-output>
          </reporter-output>
        </test-method> <!-- postSuite -->
      </class> <!-- TestCases.Demo1 -->
    </test> <!-- Default test -->
  </suite> <!-- Default suite -->
</testng-results>
