<?xml version="1.0" encoding="UTF-8"?>
<testng-results ignored="0" total="1" passed="1" failed="0" skipped="0">
  <reporter-output>
  </reporter-output>
  <suite started-at="2025-03-11T20:08:28 IST" name="Default suite" finished-at="2025-03-11T20:08:29 IST" duration-ms="1074">
    <groups>
    </groups>
    <test started-at="2025-03-11T20:08:28 IST" name="Default test" finished-at="2025-03-11T20:08:29 IST" duration-ms="1074">
      <class name="DataDriven.ExcelDataProvider.TestDataProvider">
        <test-method signature="getDataAsMapTwo()[pri:0, instance:DataDriven.ExcelDataProvider.TestDataProvider@437da279]" started-at="2025-03-11T20:08:28 IST" name="getDataAsMapTwo" finished-at="2025-03-11T20:08:29 IST" duration-ms="1013" status="PASS">
          <reporter-output>
          </reporter-output>
        </test-method> <!-- getDataAsMapTwo -->
      </class> <!-- DataDriven.ExcelDataProvider.TestDataProvider -->
    </test> <!-- Default test -->
  </suite> <!-- Default suite -->
</testng-results>
