<?xml version="1.0" encoding="UTF-8"?>
<!-- Generated by org.testng.reporters.JUnitXMLReporter -->
<testsuite ignored="2" hostname="HYDHTC125451LT" failures="0" tests="0" time="0.027" errors="0" timestamp="2024-12-10T20:30:07 IST">
  <testcase classname="SeleniumJavaFramework.tests.StandaloneUsingFramework" name="OrderHistoryTest" time="0.0">
    <ignored/>
  </testcase> <!-- OrderHistoryTest -->
  <testcase classname="SeleniumJavaFramework.tests.StandaloneUsingFramework" name="submitOrder" time="0.0">
    <ignored/>
  </testcase> <!-- submitOrder -->
</testsuite>
