<?xml version="1.0" encoding="UTF-8"?>
<testng-results ignored="0" total="1" passed="1" failed="0" skipped="0">
  <reporter-output>
  </reporter-output>
  <suite started-at="2025-07-16T16:18:25 IST" name="Default suite" finished-at="2025-07-16T16:18:56 IST" duration-ms="30073">
    <groups>
    </groups>
    <test started-at="2025-07-16T16:18:25 IST" name="Default test" finished-at="2025-07-16T16:18:56 IST" duration-ms="30073">
      <class name="Demo.TestNG_Demo">
        <test-method signature="f()[pri:0, instance:Demo.TestNG_Demo@202b0582]" started-at="2025-07-16T16:18:25 IST" name="f" finished-at="2025-07-16T16:18:55 IST" duration-ms="30018" status="PASS">
          <reporter-output>
          </reporter-output>
        </test-method> <!-- f -->
      </class> <!-- Demo.TestNG_Demo -->
    </test> <!-- Default test -->
  </suite> <!-- Default suite -->
</testng-results>
