<?xml version="1.0" encoding="UTF-8"?>
<!-- Generated by org.testng.reporters.JUnitXMLReporter -->
<testsuite ignored="0" hostname="HYDHTC125451LT" failures="1" tests="1" name="Default test" time="38.391" errors="0" timestamp="2025-07-03T16:45:26 IST">
  <testcase classname="io.cucumber.testng.AbstractTestNGCucumberTests" name="runScenario" time="37.484">
    <failure type="java.lang.NullPointerException" message="Cannot invoke &amp;quot;org.openqa.selenium.WebDriver.get(String)&amp;quot; because &amp;quot;this.driver&amp;quot; is null">
      <![CDATA[java.lang.NullPointerException: Cannot invoke "org.openqa.selenium.WebDriver.get(String)" because "this.driver" is null
at CucucmberTestProject.CucumberTestNG.steps.StepDefinitions.get_the_title_of_page(StepDefinitions.java:14)
at ✽.Get the title of page(file:///Users/surendra.k/Documents/workspace/CucumberTestNG/src/test/resources/features/google.feature:7)
]]>
    </failure>
  </testcase> <!-- runScenario -->
</testsuite> <!-- Default test -->
