<?xml version="1.0" encoding="UTF-8"?>
<testng-results ignored="0" total="1" passed="1" failed="0" skipped="0">
  <reporter-output>
  </reporter-output>
  <suite started-at="2024-11-13T13:01:35 IST" name="Default suite" finished-at="2024-11-13T13:01:35 IST" duration-ms="70">
    <groups>
    </groups>
    <test started-at="2024-11-13T13:01:35 IST" name="Default test" finished-at="2024-11-13T13:01:35 IST" duration-ms="70">
      <class name="com.StreamTest">
        <test-method signature="uniqueCase()[pri:0, instance:com.StreamTest@7c711375]" started-at="2024-11-13T13:01:35 IST" name="uniqueCase" finished-at="2024-11-13T13:01:35 IST" duration-ms="12" status="PASS">
          <reporter-output>
          </reporter-output>
        </test-method> <!-- uniqueCase -->
      </class> <!-- com.StreamTest -->
    </test> <!-- Default test -->
  </suite> <!-- Default suite -->
</testng-results>
