<?xml version="1.0" encoding="UTF-8"?>
<!-- Generated by org.testng.reporters.JUnitXMLReporter -->
<testsuite ignored="0" hostname="HYDHTC125451LT" failures="0" tests="3" name="TestParameter" time="0.099" errors="0" timestamp="2024-11-13T14:23:38 IST">
  <testcase classname="TestCases.CarLoan" name="APILoginCar" time="0.019"/>
  <testcase classname="TestCases.CarLoan" name="MobileLoginCar" time="0.002"/>
  <testcase classname="TestCases.CarLoan" name="webLoginCar" time="0.003"/>
</testsuite> <!-- TestParameter -->
