<?xml version="1.0" encoding="UTF-8"?>
<!-- Generated by org.testng.reporters.JUnitXMLReporter -->
<testsuite ignored="0" hostname="HYDHTC125451LT" failures="0" tests="6" name="Default test" time="79.493" errors="0" timestamp="2025-02-11T17:11:42 IST">
  <testcase classname="Features.CDP.BrowserNewFeatures" name="executeTest" time="12.174"/>
  <testcase classname="Features.CDP.BrowserNewFeatures" name="executeTest" time="10.839"/>
  <testcase classname="Features.CDP.BrowserNewFeatures" name="executeTest" time="13.352"/>
  <testcase classname="Features.CDP.BrowserNewFeatures" name="executeTest" time="13.304"/>
  <testcase classname="Features.CDP.BrowserNewFeatures" name="executeTest" time="15.482"/>
  <testcase classname="Features.CDP.BrowserNewFeatures" name="executeTest" time="13.473"/>
</testsuite> <!-- Default test -->
